[CRON] 2025/11/13 20:08:33 Server Sandstorm Admin Wrapper became active, performing immediate score update
[CRON] 2025/11/13 20:08:33 Registered cron job for server 1d6407b7-f51b-4b1d-ad9e-faabbfbb7dde (Sandstorm Admin Wrapper)
[CRON] 2025/11/13 20:08:53 Unregistered cron job for server 1d6407b7-f51b-4b1d-ad9e-faabbfbb7dde
[CRON] 2025/11/13 20:18:15 Server Sandstorm Admin Wrapper became active, performing immediate score update
[CRON] 2025/11/13 20:18:15 Registered cron job for server 1d6407b7-f51b-4b1d-ad9e-faabbfbb7dde (Sandstorm Admin Wrapper)
[CRON] 2025/11/13 20:18:20 Failed immediate query for server Sandstorm Admin Wrapper at 127.0.0.1:27131: failed to read response: read udp 127.0.0.1:55202->127.0.0.1:27131: i/o timeout
[CRON] 2025/11/13 20:18:38 Unregistered cron job for server 1d6407b7-f51b-4b1d-ad9e-faabbfbb7dde
[CRON] 2025/11/13 20:18:39 Server Sandstorm Admin Wrapper became active, performing immediate score update
[CRON] 2025/11/13 20:18:39 Registered cron job for server 1d6407b7-f51b-4b1d-ad9e-faabbfbb7dde (Sandstorm Admin Wrapper)
[CRON] 2025/11/13 20:19:00 Server Sandstorm Admin Wrapper info: Players=0/8, Map=Ministry
[CRON] 2025/11/13 20:28:00 Server Sandstorm Admin Wrapper became active, performing immediate score update
[CRON] 2025/11/13 20:28:00 Registered cron job for server 1d6407b7-f51b-4b1d-ad9e-faabbfbb7dde (Sandstorm Admin Wrapper)
[CRON] 2025/11/13 20:28:05 Failed immediate query for server Sandstorm Admin Wrapper at 127.0.0.1:27131: failed to read response: read udp 127.0.0.1:53524->127.0.0.1:27131: i/o timeout
[CRON] 2025/11/13 20:28:23 Unregistered cron job for server 1d6407b7-f51b-4b1d-ad9e-faabbfbb7dde
[CRON] 2025/11/13 20:28:24 Server Sandstorm Admin Wrapper became active, performing immediate score update
[CRON] 2025/11/13 20:28:24 Registered cron job for server 1d6407b7-f51b-4b1d-ad9e-faabbfbb7dde (Sandstorm Admin Wrapper)
[CRON] 2025/11/13 20:28:48 Unregistered cron job for server 1d6407b7-f51b-4b1d-ad9e-faabbfbb7dde
[CRON] 2025/11/13 20:36:35 Server Sandstorm Admin Wrapper became active, performing immediate score update
[CRON] 2025/11/13 20:36:35 Registered cron job for server 1d6407b7-f51b-4b1d-ad9e-faabbfbb7dde (Sandstorm Admin Wrapper)
[CRON] 2025/11/13 20:36:48 Unregistered cron job for server 1d6407b7-f51b-4b1d-ad9e-faabbfbb7dde
[CRON] 2025/11/13 20:40:35 Server Sandstorm Admin Wrapper became active, performing immediate score update
[CRON] 2025/11/13 20:40:35 Registered cron job for server 1d6407b7-f51b-4b1d-ad9e-faabbfbb7dde (Sandstorm Admin Wrapper)
[CRON] 2025/11/13 20:40:48 Unregistered cron job for server 1d6407b7-f51b-4b1d-ad9e-faabbfbb7dde
[CRON] 2025/11/13 20:46:54 Server Sandstorm Admin Wrapper became active, performing immediate score update
[CRON] 2025/11/13 20:46:54 Registered cron job for server 1d6407b7-f51b-4b1d-ad9e-faabbfbb7dde (Sandstorm Admin Wrapper)
[CRON] 2025/11/13 20:47:00 Server Sandstorm Admin Wrapper info: Players=0/8, Map=Ministry
[CRON] 2025/11/13 20:56:35 Server Sandstorm Admin Wrapper became active, performing immediate score update
[CRON] 2025/11/13 20:56:35 Registered cron job for server 1d6407b7-f51b-4b1d-ad9e-faabbfbb7dde (Sandstorm Admin Wrapper)
[CRON] 2025/11/13 21:15:10 Server Sandstorm Admin Wrapper became active, performing immediate score update
[CRON] 2025/11/13 21:15:10 Registered cron job for server 1d6407b7-f51b-4b1d-ad9e-faabbfbb7dde (Sandstorm Admin Wrapper)
[CRON] 2025/11/13 21:15:10 No active match found for server Sandstorm Admin Wrapper, skipping player update
[CRON] 2025/11/13 21:15:21 Unregistered cron job for server 1d6407b7-f51b-4b1d-ad9e-faabbfbb7dde
[CRON] 2025/11/13 21:19:10 Server Sandstorm Admin Wrapper became active, performing immediate score update
[CRON] 2025/11/13 21:19:10 Registered cron job for server 1d6407b7-f51b-4b1d-ad9e-faabbfbb7dde (Sandstorm Admin Wrapper)
[CRON] 2025/11/13 21:19:10 No active match found for server Sandstorm Admin Wrapper, skipping player update
[CRON] 2025/11/13 21:19:21 Unregistered cron job for server 1d6407b7-f51b-4b1d-ad9e-faabbfbb7dde
[CRON] 2025/11/13 21:23:10 Server Sandstorm Admin Wrapper became active, performing immediate score update
[CRON] 2025/11/13 21:23:10 Registered cron job for server 1d6407b7-f51b-4b1d-ad9e-faabbfbb7dde (Sandstorm Admin Wrapper)
[CRON] 2025/11/13 21:23:10 No active match found for server Sandstorm Admin Wrapper, skipping player update
[CRON] 2025/11/13 21:23:21 Unregistered cron job for server 1d6407b7-f51b-4b1d-ad9e-faabbfbb7dde
[CRON] 2025/11/13 21:27:10 Server Sandstorm Admin Wrapper became active, performing immediate score update
[CRON] 2025/11/13 21:27:10 Registered cron job for server 1d6407b7-f51b-4b1d-ad9e-faabbfbb7dde (Sandstorm Admin Wrapper)
[CRON] 2025/11/13 21:27:10 No active match found for server Sandstorm Admin Wrapper, skipping player update
[CRON] 2025/11/13 21:27:21 Unregistered cron job for server 1d6407b7-f51b-4b1d-ad9e-faabbfbb7dde
[CRON] 2025/11/13 21:28:59 Server Sandstorm Admin Wrapper became active, performing immediate score update
[CRON] 2025/11/13 21:28:59 Registered cron job for server 1d6407b7-f51b-4b1d-ad9e-faabbfbb7dde (Sandstorm Admin Wrapper)
[CRON] 2025/11/13 21:28:59 No active match found for server Sandstorm Admin Wrapper, skipping player update
[CRON] 2025/11/13 21:29:00 Server Sandstorm Admin Wrapper info: Players=0/8, Map=Ministry
[CRON] 2025/11/13 21:29:00 No active match found for server Sandstorm Admin Wrapper, skipping player update
[CRON] 2025/11/13 21:29:16 Unregistered cron job for server 1d6407b7-f51b-4b1d-ad9e-faabbfbb7dde
[CRON] 2025/11/13 21:29:19 Server Sandstorm Admin Wrapper became active, performing immediate score update
[CRON] 2025/11/13 21:29:19 Registered cron job for server 1d6407b7-f51b-4b1d-ad9e-faabbfbb7dde (Sandstorm Admin Wrapper)
[CRON] 2025/11/13 21:29:19 No active match found for server Sandstorm Admin Wrapper, skipping player update
[CRON] 2025/11/13 21:29:31 Unregistered cron job for server 1d6407b7-f51b-4b1d-ad9e-faabbfbb7dde
[CRON] 2025/11/13 21:29:34 Server Sandstorm Admin Wrapper became active, performing immediate score update
[CRON] 2025/11/13 21:29:34 Registered cron job for server 1d6407b7-f51b-4b1d-ad9e-faabbfbb7dde (Sandstorm Admin Wrapper)
[CRON] 2025/11/13 21:29:34 No active match found for server Sandstorm Admin Wrapper, skipping player update
[CRON] 2025/11/13 21:29:56 Unregistered cron job for server 1d6407b7-f51b-4b1d-ad9e-faabbfbb7dde
[CRON] 2025/11/13 21:33:44 Server Sandstorm Admin Wrapper became active, performing immediate score update
[CRON] 2025/11/13 21:33:44 Registered cron job for server 1d6407b7-f51b-4b1d-ad9e-faabbfbb7dde (Sandstorm Admin Wrapper)
[CRON] 2025/11/13 21:33:44 No active match found for server Sandstorm Admin Wrapper, skipping player update
[CRON] 2025/11/13 21:33:56 Unregistered cron job for server 1d6407b7-f51b-4b1d-ad9e-faabbfbb7dde
[CRON] 2025/11/13 21:37:44 Server Sandstorm Admin Wrapper became active, performing immediate score update
[CRON] 2025/11/13 21:37:44 Registered cron job for server 1d6407b7-f51b-4b1d-ad9e-faabbfbb7dde (Sandstorm Admin Wrapper)
[CRON] 2025/11/13 21:37:44 No active match found for server Sandstorm Admin Wrapper, skipping player update
[CRON] 2025/11/13 21:37:56 Unregistered cron job for server 1d6407b7-f51b-4b1d-ad9e-faabbfbb7dde
[CRON] 2025/11/13 21:41:45 Server Sandstorm Admin Wrapper became active, performing immediate score update
[CRON] 2025/11/13 21:41:45 Registered cron job for server 1d6407b7-f51b-4b1d-ad9e-faabbfbb7dde (Sandstorm Admin Wrapper)
[CRON] 2025/11/13 21:41:45 No active match found for server Sandstorm Admin Wrapper, skipping player update
[CRON] 2025/11/13 21:41:56 Unregistered cron job for server 1d6407b7-f51b-4b1d-ad9e-faabbfbb7dde
[CRON] 2025/11/13 21:45:45 Server Sandstorm Admin Wrapper became active, performing immediate score update
[CRON] 2025/11/13 21:45:45 Registered cron job for server 1d6407b7-f51b-4b1d-ad9e-faabbfbb7dde (Sandstorm Admin Wrapper)
[CRON] 2025/11/13 21:45:45 No active match found for server Sandstorm Admin Wrapper, skipping player update
[CRON] 2025/11/13 21:45:56 Unregistered cron job for server 1d6407b7-f51b-4b1d-ad9e-faabbfbb7dde
[CRON] 2025/11/13 21:49:45 Server Sandstorm Admin Wrapper became active, performing immediate score update
[CRON] 2025/11/13 21:49:45 Registered cron job for server 1d6407b7-f51b-4b1d-ad9e-faabbfbb7dde (Sandstorm Admin Wrapper)
[CRON] 2025/11/13 21:49:45 No active match found for server Sandstorm Admin Wrapper, skipping player update
[CRON] 2025/11/13 21:49:56 Unregistered cron job for server 1d6407b7-f51b-4b1d-ad9e-faabbfbb7dde
[CRON] 2025/11/13 21:53:45 Server Sandstorm Admin Wrapper became active, performing immediate score update
[CRON] 2025/11/13 21:53:45 Registered cron job for server 1d6407b7-f51b-4b1d-ad9e-faabbfbb7dde (Sandstorm Admin Wrapper)
[CRON] 2025/11/13 21:53:45 No active match found for server Sandstorm Admin Wrapper, skipping player update
[CRON] 2025/11/13 21:53:56 Unregistered cron job for server 1d6407b7-f51b-4b1d-ad9e-faabbfbb7dde
[CRON] 2025/11/13 21:57:45 Server Sandstorm Admin Wrapper became active, performing immediate score update
[CRON] 2025/11/13 21:57:45 Registered cron job for server 1d6407b7-f51b-4b1d-ad9e-faabbfbb7dde (Sandstorm Admin Wrapper)
[CRON] 2025/11/13 21:57:46 No active match found for server Sandstorm Admin Wrapper, skipping player update
[CRON] 2025/11/13 21:57:56 Unregistered cron job for server 1d6407b7-f51b-4b1d-ad9e-faabbfbb7dde
[CRON] 2025/11/13 21:59:35 Server Sandstorm Admin Wrapper became active, performing immediate score update
[CRON] 2025/11/13 21:59:35 Registered cron job for server 1d6407b7-f51b-4b1d-ad9e-faabbfbb7dde (Sandstorm Admin Wrapper)
[CRON] 2025/11/13 21:59:35 No active match found for server Sandstorm Admin Wrapper, skipping player update
[CRON] 2025/11/13 21:59:51 Unregistered cron job for server 1d6407b7-f51b-4b1d-ad9e-faabbfbb7dde
[CRON] 2025/11/13 21:59:55 Server Sandstorm Admin Wrapper became active, performing immediate score update
[CRON] 2025/11/13 21:59:55 Registered cron job for server 1d6407b7-f51b-4b1d-ad9e-faabbfbb7dde (Sandstorm Admin Wrapper)
[CRON] 2025/11/13 21:59:55 No active match found for server Sandstorm Admin Wrapper, skipping player update
[CRON] 2025/11/13 22:00:00 Server Sandstorm Admin Wrapper info: Players=0/8, Map=Ministry
[CRON] 2025/11/13 22:00:00 No active match found for server Sandstorm Admin Wrapper, skipping player update
[CRON] 2025/11/13 22:00:06 Unregistered cron job for server 1d6407b7-f51b-4b1d-ad9e-faabbfbb7dde
[CRON] 2025/11/13 22:00:15 Server Sandstorm Admin Wrapper became active, performing immediate score update
[CRON] 2025/11/13 22:00:15 Registered cron job for server 1d6407b7-f51b-4b1d-ad9e-faabbfbb7dde (Sandstorm Admin Wrapper)
[CRON] 2025/11/13 22:00:15 No active match found for server Sandstorm Admin Wrapper, skipping player update
[CRON] 2025/11/13 22:00:36 Unregistered cron job for server 1d6407b7-f51b-4b1d-ad9e-faabbfbb7dde
[CRON] 2025/11/13 22:00:37 Server Sandstorm Admin Wrapper became active, performing immediate score update
[CRON] 2025/11/13 22:00:37 Registered cron job for server 1d6407b7-f51b-4b1d-ad9e-faabbfbb7dde (Sandstorm Admin Wrapper)
[CRON] 2025/11/13 22:00:37 No active match found for server Sandstorm Admin Wrapper, skipping player update
[CRON] 2025/11/13 22:01:00 Server Sandstorm Admin Wrapper info: Players=0/8, Map=Ministry
[CRON] 2025/11/13 22:01:00 No active match found for server Sandstorm Admin Wrapper, skipping player update
[CRON] 2025/11/13 22:01:01 Unregistered cron job for server 1d6407b7-f51b-4b1d-ad9e-faabbfbb7dde
[CRON] 2025/11/13 22:04:47 Server Sandstorm Admin Wrapper became active, performing immediate score update
[CRON] 2025/11/13 22:04:47 Registered cron job for server 1d6407b7-f51b-4b1d-ad9e-faabbfbb7dde (Sandstorm Admin Wrapper)
[CRON] 2025/11/13 22:04:47 No active match found for server Sandstorm Admin Wrapper, skipping player update
[CRON] 2025/11/13 22:05:00 Server Sandstorm Admin Wrapper info: Players=0/8, Map=Ministry
[CRON] 2025/11/13 22:05:00 No active match found for server Sandstorm Admin Wrapper, skipping player update
[CRON] 2025/11/13 22:05:01 Unregistered cron job for server 1d6407b7-f51b-4b1d-ad9e-faabbfbb7dde
[CRON] 2025/11/13 22:08:48 Server Sandstorm Admin Wrapper became active, performing immediate score update
[CRON] 2025/11/13 22:08:48 Registered cron job for server 1d6407b7-f51b-4b1d-ad9e-faabbfbb7dde (Sandstorm Admin Wrapper)
[CRON] 2025/11/13 22:08:48 No active match found for server Sandstorm Admin Wrapper, skipping player update
[CRON] 2025/11/13 22:09:00 Server Sandstorm Admin Wrapper info: Players=0/8, Map=Ministry
[CRON] 2025/11/13 22:09:00 No active match found for server Sandstorm Admin Wrapper, skipping player update
[CRON] 2025/11/13 22:09:01 Unregistered cron job for server 1d6407b7-f51b-4b1d-ad9e-faabbfbb7dde
[CRON] 2025/11/13 22:12:48 Server Sandstorm Admin Wrapper became active, performing immediate score update
[CRON] 2025/11/13 22:12:48 Registered cron job for server 1d6407b7-f51b-4b1d-ad9e-faabbfbb7dde (Sandstorm Admin Wrapper)
[CRON] 2025/11/13 22:12:48 No active match found for server Sandstorm Admin Wrapper, skipping player update
[CRON] 2025/11/13 22:13:00 Server Sandstorm Admin Wrapper info: Players=0/8, Map=Ministry
[CRON] 2025/11/13 22:13:00 No active match found for server Sandstorm Admin Wrapper, skipping player update
[CRON] 2025/11/13 22:13:01 Unregistered cron job for server 1d6407b7-f51b-4b1d-ad9e-faabbfbb7dde
[CRON] 2025/11/13 22:16:48 Server Sandstorm Admin Wrapper became active, performing immediate score update
[CRON] 2025/11/13 22:16:48 Registered cron job for server 1d6407b7-f51b-4b1d-ad9e-faabbfbb7dde (Sandstorm Admin Wrapper)
[CRON] 2025/11/13 22:16:48 No active match found for server Sandstorm Admin Wrapper, skipping player update
[CRON] 2025/11/13 22:17:00 Server Sandstorm Admin Wrapper info: Players=0/8, Map=Ministry
[CRON] 2025/11/13 22:17:00 No active match found for server Sandstorm Admin Wrapper, skipping player update
[CRON] 2025/11/13 22:17:01 Unregistered cron job for server 1d6407b7-f51b-4b1d-ad9e-faabbfbb7dde
[CRON] 2025/11/13 22:20:48 Server Sandstorm Admin Wrapper became active, performing immediate score update
[CRON] 2025/11/13 22:20:48 Registered cron job for server 1d6407b7-f51b-4b1d-ad9e-faabbfbb7dde (Sandstorm Admin Wrapper)
[CRON] 2025/11/13 22:20:48 No active match found for server Sandstorm Admin Wrapper, skipping player update
[CRON] 2025/11/13 22:21:00 Server Sandstorm Admin Wrapper info: Players=0/8, Map=Ministry
[CRON] 2025/11/13 22:21:00 No active match found for server Sandstorm Admin Wrapper, skipping player update
[CRON] 2025/11/13 22:21:01 Unregistered cron job for server 1d6407b7-f51b-4b1d-ad9e-faabbfbb7dde
[CRON] 2025/11/13 22:24:48 Server Sandstorm Admin Wrapper became active, performing immediate score update
[CRON] 2025/11/13 22:24:48 Registered cron job for server 1d6407b7-f51b-4b1d-ad9e-faabbfbb7dde (Sandstorm Admin Wrapper)
[CRON] 2025/11/13 22:24:48 No active match found for server Sandstorm Admin Wrapper, skipping player update
[CRON] 2025/11/13 22:25:00 Server Sandstorm Admin Wrapper info: Players=0/8, Map=Ministry
[CRON] 2025/11/13 22:25:00 No active match found for server Sandstorm Admin Wrapper, skipping player update
[CRON] 2025/11/13 22:25:01 Unregistered cron job for server 1d6407b7-f51b-4b1d-ad9e-faabbfbb7dde
[CRON] 2025/11/13 22:28:49 Server Sandstorm Admin Wrapper became active, performing immediate score update
[CRON] 2025/11/13 22:28:49 Registered cron job for server 1d6407b7-f51b-4b1d-ad9e-faabbfbb7dde (Sandstorm Admin Wrapper)
[CRON] 2025/11/13 22:28:49 No active match found for server Sandstorm Admin Wrapper, skipping player update
[CRON] 2025/11/13 22:29:00 Server Sandstorm Admin Wrapper info: Players=0/8, Map=Ministry
[CRON] 2025/11/13 22:29:00 No active match found for server Sandstorm Admin Wrapper, skipping player update
[CRON] 2025/11/13 22:29:01 Unregistered cron job for server 1d6407b7-f51b-4b1d-ad9e-faabbfbb7dde
[CRON] 2025/11/13 22:30:38 Server Sandstorm Admin Wrapper became active, performing immediate score update
[CRON] 2025/11/13 22:30:38 Registered cron job for server 1d6407b7-f51b-4b1d-ad9e-faabbfbb7dde (Sandstorm Admin Wrapper)
[CRON] 2025/11/13 22:30:38 No active match found for server Sandstorm Admin Wrapper, skipping player update
[CRON] 2025/11/13 22:30:56 Unregistered cron job for server 1d6407b7-f51b-4b1d-ad9e-faabbfbb7dde
[CRON] 2025/11/13 22:30:58 Server Sandstorm Admin Wrapper became active, performing immediate score update
[CRON] 2025/11/13 22:30:58 Registered cron job for server 1d6407b7-f51b-4b1d-ad9e-faabbfbb7dde (Sandstorm Admin Wrapper)
[CRON] 2025/11/13 22:30:58 No active match found for server Sandstorm Admin Wrapper, skipping player update
[CRON] 2025/11/13 22:31:00 Server Sandstorm Admin Wrapper info: Players=0/8, Map=Ministry
[CRON] 2025/11/13 22:31:00 No active match found for server Sandstorm Admin Wrapper, skipping player update
[CRON] 2025/11/13 22:31:11 Unregistered cron job for server 1d6407b7-f51b-4b1d-ad9e-faabbfbb7dde
[CRON] 2025/11/13 22:31:13 Server Sandstorm Admin Wrapper became active, performing immediate score update
[CRON] 2025/11/13 22:31:13 Registered cron job for server 1d6407b7-f51b-4b1d-ad9e-faabbfbb7dde (Sandstorm Admin Wrapper)
[CRON] 2025/11/13 22:31:13 No active match found for server Sandstorm Admin Wrapper, skipping player update
[CRON] 2025/11/13 22:31:36 Unregistered cron job for server 1d6407b7-f51b-4b1d-ad9e-faabbfbb7dde
[CRON] 2025/11/13 22:35:23 Server Sandstorm Admin Wrapper became active, performing immediate score update
[CRON] 2025/11/13 22:35:23 Registered cron job for server 1d6407b7-f51b-4b1d-ad9e-faabbfbb7dde (Sandstorm Admin Wrapper)
[CRON] 2025/11/13 22:35:23 No active match found for server Sandstorm Admin Wrapper, skipping player update
[CRON] 2025/11/13 22:35:36 Unregistered cron job for server 1d6407b7-f51b-4b1d-ad9e-faabbfbb7dde
[CRON] 2025/11/13 22:39:23 Server Sandstorm Admin Wrapper became active, performing immediate score update
[CRON] 2025/11/13 22:39:23 Registered cron job for server 1d6407b7-f51b-4b1d-ad9e-faabbfbb7dde (Sandstorm Admin Wrapper)
[CRON] 2025/11/13 22:39:23 No active match found for server Sandstorm Admin Wrapper, skipping player update
[CRON] 2025/11/13 22:39:36 Unregistered cron job for server 1d6407b7-f51b-4b1d-ad9e-faabbfbb7dde
[CRON] 2025/11/13 22:43:22 Server Sandstorm Admin Wrapper became active, performing immediate score update
[CRON] 2025/11/13 22:43:22 Registered cron job for server 1d6407b7-f51b-4b1d-ad9e-faabbfbb7dde (Sandstorm Admin Wrapper)
[CRON] 2025/11/13 22:43:23 No active match found for server Sandstorm Admin Wrapper, skipping player update
[CRON] 2025/11/13 22:43:36 Unregistered cron job for server 1d6407b7-f51b-4b1d-ad9e-faabbfbb7dde
[CRON] 2025/11/13 22:47:23 Server Sandstorm Admin Wrapper became active, performing immediate score update
[CRON] 2025/11/13 22:47:23 Registered cron job for server 1d6407b7-f51b-4b1d-ad9e-faabbfbb7dde (Sandstorm Admin Wrapper)
[CRON] 2025/11/13 22:47:23 No active match found for server Sandstorm Admin Wrapper, skipping player update
[CRON] 2025/11/13 22:47:38 Unregistered cron job for server 1d6407b7-f51b-4b1d-ad9e-faabbfbb7dde
[CRON] 2025/11/13 22:51:25 Server Sandstorm Admin Wrapper became active, performing immediate score update
[CRON] 2025/11/13 22:51:25 Registered cron job for server 1d6407b7-f51b-4b1d-ad9e-faabbfbb7dde (Sandstorm Admin Wrapper)
[CRON] 2025/11/13 22:51:25 No active match found for server Sandstorm Admin Wrapper, skipping player update
[CRON] 2025/11/13 22:51:38 Unregistered cron job for server 1d6407b7-f51b-4b1d-ad9e-faabbfbb7dde
[CRON] 2025/11/13 22:55:27 Server Sandstorm Admin Wrapper became active, performing immediate score update
[CRON] 2025/11/13 22:55:27 Registered cron job for server 1d6407b7-f51b-4b1d-ad9e-faabbfbb7dde (Sandstorm Admin Wrapper)
[CRON] 2025/11/13 22:55:27 No active match found for server Sandstorm Admin Wrapper, skipping player update
[CRON] 2025/11/13 22:55:38 Unregistered cron job for server 1d6407b7-f51b-4b1d-ad9e-faabbfbb7dde
[CRON] 2025/11/13 22:58:58 Server Sandstorm Admin Wrapper became active, performing immediate score update
[CRON] 2025/11/13 22:58:58 Registered cron job for server 1d6407b7-f51b-4b1d-ad9e-faabbfbb7dde (Sandstorm Admin Wrapper)
[CRON] 2025/11/13 22:59:02 Server Sandstorm Admin Wrapper info: Players=0/8, Map=Ministry
[CRON] 2025/11/13 22:59:18 Unregistered cron job for server 1d6407b7-f51b-4b1d-ad9e-faabbfbb7dde
[CRON] 2025/11/13 22:59:21 Server Sandstorm Admin Wrapper became active, performing immediate score update
[CRON] 2025/11/13 22:59:21 Registered cron job for server 1d6407b7-f51b-4b1d-ad9e-faabbfbb7dde (Sandstorm Admin Wrapper)
[CRON] 2025/11/13 22:59:43 Unregistered cron job for server 1d6407b7-f51b-4b1d-ad9e-faabbfbb7dde
[CRON] 2025/11/13 23:03:31 Server Sandstorm Admin Wrapper became active, performing immediate score update
[CRON] 2025/11/13 23:03:31 Registered cron job for server 1d6407b7-f51b-4b1d-ad9e-faabbfbb7dde (Sandstorm Admin Wrapper)
[CRON] 2025/11/13 23:03:45 Unregistered cron job for server 1d6407b7-f51b-4b1d-ad9e-faabbfbb7dde
[CRON] 2025/11/13 23:05:33 Server Sandstorm Admin Wrapper became active, performing immediate score update
[CRON] 2025/11/13 23:05:33 Registered cron job for server 1d6407b7-f51b-4b1d-ad9e-faabbfbb7dde (Sandstorm Admin Wrapper)
[CRON] 2025/11/13 23:05:52 Unregistered cron job for server 1d6407b7-f51b-4b1d-ad9e-faabbfbb7dde
[CRON] 2025/11/13 23:05:55 Server Sandstorm Admin Wrapper became active, performing immediate score update
[CRON] 2025/11/13 23:05:55 Registered cron job for server 1d6407b7-f51b-4b1d-ad9e-faabbfbb7dde (Sandstorm Admin Wrapper)
[CRON] 2025/11/13 23:06:00 Server Sandstorm Admin Wrapper info: Players=0/8, Map=Ministry
[CRON] 2025/11/13 23:06:17 Unregistered cron job for server 1d6407b7-f51b-4b1d-ad9e-faabbfbb7dde
[CRON] 2025/11/13 23:10:06 Server Sandstorm Admin Wrapper became active, performing immediate score update
[CRON] 2025/11/13 23:10:06 Registered cron job for server 1d6407b7-f51b-4b1d-ad9e-faabbfbb7dde (Sandstorm Admin Wrapper)
[CRON] 2025/11/13 23:10:20 Unregistered cron job for server 1d6407b7-f51b-4b1d-ad9e-faabbfbb7dde
[CRON] 2025/11/13 23:14:06 Server Sandstorm Admin Wrapper became active, performing immediate score update
[CRON] 2025/11/13 23:14:06 Registered cron job for server 1d6407b7-f51b-4b1d-ad9e-faabbfbb7dde (Sandstorm Admin Wrapper)
[CRON] 2025/11/13 23:14:20 Unregistered cron job for server 1d6407b7-f51b-4b1d-ad9e-faabbfbb7dde
[CRON] 2025/11/14 10:27:16 Server Sandstorm Admin Wrapper became active, performing immediate score update
[CRON] 2025/11/14 10:27:16 Registered cron job for server 1d6407b7-f51b-4b1d-ad9e-faabbfbb7dde (Sandstorm Admin Wrapper)
[CRON] 2025/11/14 10:27:36 Unregistered cron job for server 1d6407b7-f51b-4b1d-ad9e-faabbfbb7dde
[CRON] 2025/11/14 10:27:39 Server Sandstorm Admin Wrapper became active, performing immediate score update
[CRON] 2025/11/14 10:27:39 Registered cron job for server 1d6407b7-f51b-4b1d-ad9e-faabbfbb7dde (Sandstorm Admin Wrapper)
[CRON] 2025/11/14 10:28:00 Server Sandstorm Admin Wrapper info: Players=0/8, Map=Ministry
[CRON] 2025/11/14 10:28:11 Unregistered cron job for server 1d6407b7-f51b-4b1d-ad9e-faabbfbb7dde
[CRON] 2025/11/14 10:30:09 Server Sandstorm Admin Wrapper became active, performing immediate score update
[CRON] 2025/11/14 10:30:09 Registered cron job for server 1d6407b7-f51b-4b1d-ad9e-faabbfbb7dde (Sandstorm Admin Wrapper)
[CRON] 2025/11/14 10:30:31 Unregistered cron job for server 1d6407b7-f51b-4b1d-ad9e-faabbfbb7dde
[CRON] 2025/11/14 10:30:32 Server Sandstorm Admin Wrapper became active, performing immediate score update
[CRON] 2025/11/14 10:30:32 Registered cron job for server 1d6407b7-f51b-4b1d-ad9e-faabbfbb7dde (Sandstorm Admin Wrapper)
[CRON] 2025/11/14 10:30:56 Unregistered cron job for server 1d6407b7-f51b-4b1d-ad9e-faabbfbb7dde
[CRON] 2025/11/14 10:33:24 Server Sandstorm Admin Wrapper became active, performing immediate score update
[CRON] 2025/11/14 10:33:24 Registered cron job for server 1d6407b7-f51b-4b1d-ad9e-faabbfbb7dde (Sandstorm Admin Wrapper)
[CRON] 2025/11/14 10:33:43 Unregistered cron job for server 1d6407b7-f51b-4b1d-ad9e-faabbfbb7dde
[CRON] 2025/11/14 10:33:47 Server Sandstorm Admin Wrapper became active, performing immediate score update
[CRON] 2025/11/14 10:33:47 Registered cron job for server 1d6407b7-f51b-4b1d-ad9e-faabbfbb7dde (Sandstorm Admin Wrapper)
[CRON] 2025/11/14 10:34:00 Server Sandstorm Admin Wrapper info: Players=0/8, Map=Ministry
[CRON] 2025/11/14 10:34:13 Unregistered cron job for server 1d6407b7-f51b-4b1d-ad9e-faabbfbb7dde
[CRON] 2025/11/14 10:37:57 Server Sandstorm Admin Wrapper became active, performing immediate score update
[CRON] 2025/11/14 10:37:57 Registered cron job for server 1d6407b7-f51b-4b1d-ad9e-faabbfbb7dde (Sandstorm Admin Wrapper)
[CRON] 2025/11/14 10:38:00 Server Sandstorm Admin Wrapper info: Players=0/8, Map=Ministry
[CRON] 2025/11/14 10:38:11 Unregistered cron job for server 1d6407b7-f51b-4b1d-ad9e-faabbfbb7dde
[CRON] 2025/11/14 10:40:59 Server Sandstorm Admin Wrapper became active, performing immediate score update
[CRON] 2025/11/14 10:40:59 Registered cron job for server 1d6407b7-f51b-4b1d-ad9e-faabbfbb7dde (Sandstorm Admin Wrapper)
[CRON] 2025/11/14 10:41:03 Server Sandstorm Admin Wrapper info: Players=0/8, Map=Ministry
[CRON] 2025/11/14 10:41:08 Failed to query players via RCON for Sandstorm Admin Wrapper: error reading command response: read tcp 127.0.0.1:65330->127.0.0.1:27015: i/o timeout
[CRON] 2025/11/14 10:41:08 Failed to query players via RCON for Sandstorm Admin Wrapper: error reading command response: read tcp 127.0.0.1:65330->127.0.0.1:27015: i/o timeout
[CRON] 2025/11/14 10:41:42 Unregistered cron job for server 1d6407b7-f51b-4b1d-ad9e-faabbfbb7dde
[CRON] 2025/11/14 10:41:50 Server Sandstorm Admin Wrapper became active, performing immediate score update
[CRON] 2025/11/14 10:41:50 Registered cron job for server 1d6407b7-f51b-4b1d-ad9e-faabbfbb7dde (Sandstorm Admin Wrapper)
[CRON] 2025/11/14 10:42:06 Server Sandstorm Admin Wrapper became active, performing immediate score update
[CRON] 2025/11/14 10:42:06 Registered cron job for server 1d6407b7-f51b-4b1d-ad9e-faabbfbb7dde (Sandstorm Admin Wrapper)
[CRON] 2025/11/14 10:42:29 Unregistered cron job for server 1d6407b7-f51b-4b1d-ad9e-faabbfbb7dde
[CRON] 2025/11/14 10:42:29 Server Sandstorm Admin Wrapper became active, performing immediate score update
[CRON] 2025/11/14 10:42:29 Registered cron job for server 1d6407b7-f51b-4b1d-ad9e-faabbfbb7dde (Sandstorm Admin Wrapper)
[CRON] 2025/11/14 10:42:54 Unregistered cron job for server 1d6407b7-f51b-4b1d-ad9e-faabbfbb7dde
[CRON] 2025/11/14 10:46:39 Server Sandstorm Admin Wrapper became active, performing immediate score update
[CRON] 2025/11/14 10:46:39 Registered cron job for server 1d6407b7-f51b-4b1d-ad9e-faabbfbb7dde (Sandstorm Admin Wrapper)
[CRON] 2025/11/14 10:46:54 Unregistered cron job for server 1d6407b7-f51b-4b1d-ad9e-faabbfbb7dde
[CRON] 2025/11/14 11:07:27 Server Sandstorm Admin Wrapper became active, performing immediate score update
[CRON] 2025/11/14 11:07:27 Registered cron job for server 1d6407b7-f51b-4b1d-ad9e-faabbfbb7dde (Sandstorm Admin Wrapper)
